<?xml version="1.0" encoding="UTF-8"?>
<testng-results ignored="0" total="1" passed="1" failed="0" skipped="0">
  <reporter-output>
  </reporter-output>
  <suite started-at="2021-08-16T11:56:28Z" name="Command line suite" finished-at="2021-08-16T11:56:36Z" duration-ms="7684">
    <groups>
    </groups>
    <test started-at="2021-08-16T11:56:28Z" name="Command line test" finished-at="2021-08-16T11:56:36Z" duration-ms="7684">
      <class name="base.LoginTest">
        <test-method is-config="true" signature="setUp()[pri:0, instance:base.LoginTest@1f554b06]" started-at="2021-08-16T11:56:28Z" name="setUp" finished-at="2021-08-16T11:56:34Z" duration-ms="5054" status="PASS">
          <reporter-output>
          </reporter-output>
        </test-method> <!-- setUp -->
        <test-method signature="testSuccessfullLogin()[pri:0, instance:base.LoginTest@1f554b06]" started-at="2021-08-16T11:56:34Z" name="testSuccessfullLogin" finished-at="2021-08-16T11:56:35Z" duration-ms="1528" status="PASS">
          <reporter-output>
          </reporter-output>
        </test-method> <!-- testSuccessfullLogin -->
        <test-method is-config="true" signature="tearDown()[pri:0, instance:base.LoginTest@1f554b06]" started-at="2021-08-16T11:56:35Z" name="tearDown" finished-at="2021-08-16T11:56:36Z" duration-ms="1088" status="PASS">
          <reporter-output>
          </reporter-output>
        </test-method> <!-- tearDown -->
      </class> <!-- base.LoginTest -->
    </test> <!-- Command line test -->
  </suite> <!-- Command line suite -->
</testng-results>
